<?xml version="1.0" encoding="UTF-8"?>
<!-- Generated by org.testng.reporters.JUnitReportReporter -->
<testsuite hostname="MIS-BillyY1" failures="0" tests="2" name="runner.TestRunner" time="10.869" errors="0" timestamp="2020-07-14T17:34:51 EDT" skipped="0">
  <testcase classname="runner.TestRunner" name="runScenario" time="5.660"/>
  <system-out/>
  <testcase classname="runner.TestRunner" name="runScenario" time="5.209"/>
  <system-out/>
</testsuite> <!-- runner.TestRunner -->
